2022-04-19 15:20:56,807 - instabot version: 0.117.0 (bot) - INFO - Instabot version: 0.117.0 Started
2022-04-19 15:20:56,807 - instabot version: 0.117.0 (bot) - DEBUG - Bot imported from /home/hunter/.local/lib/python3.9/site-packages/instabot/bot/bot.py
2022-04-19 15:20:56,808 - instabot version: 0.117.0 (api_login) - INFO - Not yet logged in starting: PRE-LOGIN FLOW!
2022-04-19 15:21:01,283 - instabot version: 0.117.0 (api) - DEBUG - POST to endpoint: accounts/get_prefill_candidates/ returned response: <Response [200]>
2022-04-19 15:21:05,866 - instabot version: 0.117.0 (api) - DEBUG - POST to endpoint: qe/sync/ returned response: <Response [200]>
2022-04-19 15:21:12,913 - instabot version: 0.117.0 (api) - DEBUG - POST to endpoint: launcher/sync/ returned response: <Response [200]>
2022-04-19 15:21:19,967 - instabot version: 0.117.0 (api) - DEBUG - POST to endpoint: accounts/contact_point_prefill/ returned response: <Response [200]>
2022-04-19 15:21:33,250 - instabot version: 0.117.0 (api) - DEBUG - POST to endpoint: accounts/login/ returned response: <Response [400]>
2022-04-19 15:21:33,250 - instabot version: 0.117.0 (api) - DEBUG - Responsecode indicates error; response content: b'{"message":"","two_factor_required":true,"two_factor_info":{"pk":2313100289,"username":"gueni_art","sms_two_factor_on":true,"whatsapp_two_factor_on":false,"totp_two_factor_on":false,"eligible_for_multiple_totp":true,"obfuscated_phone_number":"3350","two_factor_identifier":"DOLJOAyD4b9kRePabj7RJjGJXN3RxzkfYsRcpje8MJRQnPhrcnK7cJZJuIbLrIJ7","show_messenger_code_option":false,"show_new_login_screen":true,"show_trusted_device_option":true,"should_opt_in_trusted_device_option":true,"pending_trusted_notification":false,"sms_not_allowed_reason":null,"trusted_notification_polling_nonce":null,"is_trusted_device":false,"phone_verification_settings":{"max_sms_count":2,"resend_sms_delay_sec":60,"robocall_count_down_time_sec":30,"robocall_after_max_sms":true}},"phone_verification_settings":{"max_sms_count":2,"resend_sms_delay_sec":60,"robocall_count_down_time_sec":30,"robocall_after_max_sms":true},"status":"fail","error_type":"two_factor_required"}'
2022-04-19 15:21:33,251 - instabot version: 0.117.0 (api) - ERROR - Request returns 400 error!
2022-04-19 15:21:33,251 - instabot version: 0.117.0 (api) - INFO - Two-factor authentication required
2022-04-19 15:22:21,340 - instabot version: 0.117.0 (api) - INFO - Logged-in successfully as 'gueni_art'!
2022-04-19 15:22:21,340 - instabot version: 0.117.0 (api_login) - INFO - LOGIN FLOW! Just logged-in: True
2022-04-19 15:22:31,744 - instabot version: 0.117.0 (api) - DEBUG - POST to endpoint: qe/sync/ returned response: <Response [400]>
2022-04-19 15:22:31,744 - instabot version: 0.117.0 (api) - DEBUG - Responsecode indicates error; response content: b'{"message":"challenge_required","challenge":{"url":"https://i.instagram.com/challenge/?next=/api/v1/qe/sync/","api_path":"/challenge/","hide_webview_header":true,"lock":true,"logout":false,"native_flow":true,"flow_render_type":0},"status":"fail"}'
2022-04-19 15:22:31,744 - instabot version: 0.117.0 (api) - ERROR - Request returns 400 error!
2022-04-19 15:22:31,746 - instabot version: 0.117.0 (api) - INFO - Instagram's error message: challenge_required
2022-04-19 15:22:31,746 - instabot version: 0.117.0 (api) - INFO - Instagram's error message: {}
2022-04-19 15:22:34,589 - instabot version: 0.117.0 (api) - DEBUG - POST to endpoint: launcher/sync/ returned response: <Response [400]>
2022-04-19 15:22:34,589 - instabot version: 0.117.0 (api) - DEBUG - Responsecode indicates error; response content: b'{"message":"challenge_required","challenge":{"url":"https://i.instagram.com/challenge/?next=/api/v1/launcher/sync/","api_path":"/challenge/","hide_webview_header":true,"lock":true,"logout":false,"native_flow":true,"flow_render_type":0},"status":"fail"}'
2022-04-19 15:22:34,589 - instabot version: 0.117.0 (api) - ERROR - Request returns 400 error!
2022-04-19 15:22:34,589 - instabot version: 0.117.0 (api) - INFO - Instagram's error message: challenge_required
2022-04-19 15:22:34,589 - instabot version: 0.117.0 (api) - INFO - Instagram's error message: {}
2022-04-19 15:22:37,732 - instabot version: 0.117.0 (api) - DEBUG - GET to endpoint: zr/token/result/?device_id=android-948e156231a814ec&token_hash=&custom_device_id=android-948e156231a814ec&fetch_reason=token_expired returned response: <Response [400]>
2022-04-19 15:22:37,732 - instabot version: 0.117.0 (api) - DEBUG - Responsecode indicates error; response content: b'{"message":"challenge_required","challenge":{"url":"https://i.instagram.com/challenge/?next=/api/v1/zr/token/result/%253Fdevice_id%253Dandroid-948e156231a814ec%2526token_hash%253D%2526custom_device_id%253Dandroid-948e156231a814ec%2526fetch_reason%253Dtoken_expired","api_path":"/challenge/","hide_webview_header":true,"lock":true,"logout":false,"native_flow":true,"flow_render_type":0},"status":"fail"}'
2022-04-19 15:22:37,732 - instabot version: 0.117.0 (api) - ERROR - Request returns 400 error!
2022-04-19 15:22:37,732 - instabot version: 0.117.0 (api) - INFO - Instagram's error message: challenge_required
2022-04-19 15:22:37,732 - instabot version: 0.117.0 (api) - INFO - Instagram's error message: {}
2022-04-19 15:22:41,082 - instabot version: 0.117.0 (api) - DEBUG - GET to endpoint: multiple_accounts/get_account_family/ returned response: <Response [400]>
2022-04-19 15:22:41,082 - instabot version: 0.117.0 (api) - DEBUG - Responsecode indicates error; response content: b'{"message":"challenge_required","challenge":{"url":"https://i.instagram.com/challenge/?next=/api/v1/multiple_accounts/get_account_family/","api_path":"/challenge/","hide_webview_header":true,"lock":true,"logout":false,"native_flow":true,"flow_render_type":0},"status":"fail"}'
2022-04-19 15:22:41,082 - instabot version: 0.117.0 (api) - ERROR - Request returns 400 error!
2022-04-19 15:22:41,082 - instabot version: 0.117.0 (api) - INFO - Instagram's error message: challenge_required
2022-04-19 15:22:41,082 - instabot version: 0.117.0 (api) - INFO - Instagram's error message: {}
2022-04-19 15:22:45,701 - instabot version: 0.117.0 (api) - DEBUG - POST to endpoint: qe/sync/ returned response: <Response [400]>
2022-04-19 15:22:45,701 - instabot version: 0.117.0 (api) - DEBUG - Responsecode indicates error; response content: b'{"message":"challenge_required","challenge":{"url":"https://i.instagram.com/challenge/?next=/api/v1/qe/sync/","api_path":"/challenge/","hide_webview_header":true,"lock":true,"logout":false,"native_flow":true,"flow_render_type":0},"status":"fail"}'
2022-04-19 15:22:45,701 - instabot version: 0.117.0 (api) - ERROR - Request returns 400 error!
2022-04-19 15:22:45,701 - instabot version: 0.117.0 (api) - INFO - Instagram's error message: challenge_required
2022-04-19 15:22:45,701 - instabot version: 0.117.0 (api) - INFO - Instagram's error message: {}
2022-04-19 15:22:52,751 - instabot version: 0.117.0 (api) - DEBUG - GET to endpoint: igtv/browse_feed/?prefetch=1 returned response: <Response [400]>
2022-04-19 15:22:52,751 - instabot version: 0.117.0 (api) - DEBUG - Responsecode indicates error; response content: b'{"message":"challenge_required","challenge":{"url":"https://i.instagram.com/challenge/?next=/api/v1/igtv/browse_feed/%253Fprefetch%253D1","api_path":"/challenge/","hide_webview_header":true,"lock":true,"logout":false,"native_flow":true,"flow_render_type":0},"status":"fail"}'
2022-04-19 15:22:52,751 - instabot version: 0.117.0 (api) - ERROR - Request returns 400 error!
2022-04-19 15:22:52,751 - instabot version: 0.117.0 (api) - INFO - Instagram's error message: challenge_required
2022-04-19 15:22:52,752 - instabot version: 0.117.0 (api) - INFO - Instagram's error message: {}
2022-04-19 15:22:57,872 - instabot version: 0.117.0 (api) - DEBUG - POST to endpoint: creatives/ar_class/ returned response: <Response [400]>
2022-04-19 15:22:57,872 - instabot version: 0.117.0 (api) - DEBUG - Responsecode indicates error; response content: b'{"message":"challenge_required","challenge":{"url":"https://i.instagram.com/challenge/?next=/api/v1/creatives/ar_class/","api_path":"/challenge/","hide_webview_header":true,"lock":true,"logout":false,"native_flow":true,"flow_render_type":0},"status":"fail"}'
2022-04-19 15:22:57,872 - instabot version: 0.117.0 (api) - ERROR - Request returns 400 error!
2022-04-19 15:22:57,873 - instabot version: 0.117.0 (api) - INFO - Instagram's error message: challenge_required
2022-04-19 15:22:57,873 - instabot version: 0.117.0 (api) - INFO - Instagram's error message: {}
2022-04-19 15:23:03,528 - instabot version: 0.117.0 (api) - DEBUG - POST to endpoint: feed/reels_tray/ returned response: <Response [400]>
2022-04-19 15:23:03,528 - instabot version: 0.117.0 (api) - DEBUG - Responsecode indicates error; response content: b'{"message":"challenge_required","challenge":{"url":"https://i.instagram.com/challenge/?next=/api/v1/feed/reels_tray/","api_path":"/challenge/","hide_webview_header":true,"lock":true,"logout":false,"native_flow":true,"flow_render_type":0},"status":"fail"}'
2022-04-19 15:23:03,528 - instabot version: 0.117.0 (api) - ERROR - Request returns 400 error!
2022-04-19 15:23:03,528 - instabot version: 0.117.0 (api) - INFO - Instagram's error message: challenge_required
2022-04-19 15:23:03,528 - instabot version: 0.117.0 (api) - INFO - Instagram's error message: {}
2022-04-19 15:23:06,702 - instabot version: 0.117.0 (api) - DEBUG - POST to endpoint: feed/timeline/ returned response: <Response [400]>
2022-04-19 15:23:06,703 - instabot version: 0.117.0 (api) - DEBUG - Responsecode indicates error; response content: b'{"message":"challenge_required","challenge":{"url":"https://i.instagram.com/challenge/?next=/api/v1/feed/timeline/","api_path":"/challenge/","hide_webview_header":true,"lock":true,"logout":false,"native_flow":true,"flow_render_type":0},"status":"fail"}'
2022-04-19 15:23:06,703 - instabot version: 0.117.0 (api) - ERROR - Request returns 400 error!
2022-04-19 15:23:06,703 - instabot version: 0.117.0 (api) - INFO - Instagram's error message: challenge_required
2022-04-19 15:23:06,703 - instabot version: 0.117.0 (api) - INFO - Instagram's error message: {}
2022-04-19 15:23:08,761 - instabot version: 0.117.0 (api) - DEBUG - GET to endpoint: media/blocked/ returned response: <Response [400]>
2022-04-19 15:23:08,761 - instabot version: 0.117.0 (api) - DEBUG - Responsecode indicates error; response content: b'{"message":"challenge_required","challenge":{"url":"https://i.instagram.com/challenge/?next=/api/v1/media/blocked/","api_path":"/challenge/","hide_webview_header":true,"lock":true,"logout":false,"native_flow":true,"flow_render_type":0},"status":"fail"}'
2022-04-19 15:23:08,761 - instabot version: 0.117.0 (api) - ERROR - Request returns 400 error!
2022-04-19 15:23:08,762 - instabot version: 0.117.0 (api) - INFO - Instagram's error message: challenge_required
2022-04-19 15:23:08,762 - instabot version: 0.117.0 (api) - INFO - Instagram's error message: {}
2022-04-19 15:23:09,781 - instabot version: 0.117.0 (api) - DEBUG - GET to endpoint: news/inbox/ returned response: <Response [400]>
2022-04-19 15:23:09,781 - instabot version: 0.117.0 (api) - DEBUG - Responsecode indicates error; response content: b'{"message":"challenge_required","challenge":{"url":"https://i.instagram.com/challenge/?next=/api/v1/news/inbox/","api_path":"/challenge/","hide_webview_header":true,"lock":true,"logout":false,"native_flow":true,"flow_render_type":0},"status":"fail"}'
2022-04-19 15:23:09,781 - instabot version: 0.117.0 (api) - ERROR - Request returns 400 error!
2022-04-19 15:23:09,781 - instabot version: 0.117.0 (api) - INFO - Instagram's error message: challenge_required
2022-04-19 15:23:09,781 - instabot version: 0.117.0 (api) - INFO - Instagram's error message: {}
2022-04-19 15:23:10,995 - instabot version: 0.117.0 (api) - DEBUG - GET to endpoint: loom/fetch_config/ returned response: <Response [400]>
2022-04-19 15:23:10,996 - instabot version: 0.117.0 (api) - DEBUG - Responsecode indicates error; response content: b'{"message":"challenge_required","challenge":{"url":"https://i.instagram.com/challenge/?next=/api/v1/loom/fetch_config/","api_path":"/challenge/","hide_webview_header":true,"lock":true,"logout":false,"native_flow":true,"flow_render_type":0},"status":"fail"}'
2022-04-19 15:23:10,996 - instabot version: 0.117.0 (api) - ERROR - Request returns 400 error!
2022-04-19 15:23:10,996 - instabot version: 0.117.0 (api) - INFO - Instagram's error message: challenge_required
2022-04-19 15:23:10,996 - instabot version: 0.117.0 (api) - INFO - Instagram's error message: {}
2022-04-19 15:23:12,149 - instabot version: 0.117.0 (api) - DEBUG - GET to endpoint: scores/bootstrap/users/?surfaces=["autocomplete_user_list","coefficient_besties_list_ranking","coefficient_rank_recipient_user_suggestion","coefficient_ios_section_test_bootstrap_ranking","coefficient_direct_recipients_ranking_variant_2"] returned response: <Response [400]>
2022-04-19 15:23:12,149 - instabot version: 0.117.0 (api) - DEBUG - Responsecode indicates error; response content: b'{"message":"challenge_required","challenge":{"url":"https://i.instagram.com/challenge/?next=/api/v1/scores/bootstrap/users/%253Fsurfaces%253D%25255B%252522autocomplete_user_list%252522%252C%252522coefficient_besties_list_ranking%252522%252C%252522coefficient_rank_recipient_user_suggestion%252522%252C%252522coefficient_ios_section_test_bootstrap_ranking%252522%252C%252522coefficient_direct_recipients_ranking_variant_2%252522%25255D","api_path":"/challenge/","hide_webview_header":true,"lock":true,"logout":false,"native_flow":true,"flow_render_type":0},"status":"fail"}'
2022-04-19 15:23:12,149 - instabot version: 0.117.0 (api) - ERROR - Request returns 400 error!
2022-04-19 15:23:12,150 - instabot version: 0.117.0 (api) - INFO - Instagram's error message: challenge_required
2022-04-19 15:23:12,150 - instabot version: 0.117.0 (api) - INFO - Instagram's error message: {}
2022-04-19 15:23:13,076 - instabot version: 0.117.0 (api) - DEBUG - GET to endpoint: business/eligibility/get_monetization_products_eligibility_data/?product_types=branded_content returned response: <Response [400]>
2022-04-19 15:23:13,076 - instabot version: 0.117.0 (api) - DEBUG - Responsecode indicates error; response content: b'{"message":"challenge_required","challenge":{"url":"https://i.instagram.com/challenge/?next=/api/v1/business/eligibility/get_monetization_products_eligibility_data/%253Fproduct_types%253Dbranded_content","api_path":"/challenge/","hide_webview_header":true,"lock":true,"logout":false,"native_flow":true,"flow_render_type":0},"status":"fail"}'
2022-04-19 15:23:13,076 - instabot version: 0.117.0 (api) - ERROR - Request returns 400 error!
2022-04-19 15:23:13,076 - instabot version: 0.117.0 (api) - INFO - Instagram's error message: challenge_required
2022-04-19 15:23:13,076 - instabot version: 0.117.0 (api) - INFO - Instagram's error message: {}
2022-04-19 15:23:13,699 - instabot version: 0.117.0 (api) - DEBUG - GET to endpoint: business/branded_content/should_require_professional_account/ returned response: <Response [400]>
2022-04-19 15:23:13,699 - instabot version: 0.117.0 (api) - DEBUG - Responsecode indicates error; response content: b'{"message":"challenge_required","challenge":{"url":"https://i.instagram.com/challenge/?next=/api/v1/business/branded_content/should_require_professional_account/","api_path":"/challenge/","hide_webview_header":true,"lock":true,"logout":false,"native_flow":true,"flow_render_type":0},"status":"fail"}'
2022-04-19 15:23:13,699 - instabot version: 0.117.0 (api) - ERROR - Request returns 400 error!
2022-04-19 15:23:13,699 - instabot version: 0.117.0 (api) - INFO - Instagram's error message: challenge_required
2022-04-19 15:23:13,699 - instabot version: 0.117.0 (api) - INFO - Instagram's error message: {}
2022-04-19 15:23:19,653 - instabot version: 0.117.0 (api) - DEBUG - GET to endpoint: linked_accounts/get_linkage_status/ returned response: <Response [400]>
2022-04-19 15:23:19,653 - instabot version: 0.117.0 (api) - DEBUG - Responsecode indicates error; response content: b'{"message":"challenge_required","challenge":{"url":"https://i.instagram.com/challenge/?next=/api/v1/linked_accounts/get_linkage_status/","api_path":"/challenge/","hide_webview_header":true,"lock":true,"logout":false,"native_flow":true,"flow_render_type":0},"status":"fail"}'
2022-04-19 15:23:19,653 - instabot version: 0.117.0 (api) - ERROR - Request returns 400 error!
2022-04-19 15:23:19,653 - instabot version: 0.117.0 (api) - INFO - Instagram's error message: challenge_required
2022-04-19 15:23:19,653 - instabot version: 0.117.0 (api) - INFO - Instagram's error message: {}
2022-04-19 15:23:20,614 - instabot version: 0.117.0 (api) - DEBUG - GET to endpoint: locations/request_country/ returned response: <Response [400]>
2022-04-19 15:23:20,614 - instabot version: 0.117.0 (api) - DEBUG - Responsecode indicates error; response content: b'{"message":"challenge_required","challenge":{"url":"https://i.instagram.com/challenge/?next=/api/v1/locations/request_country/","api_path":"/challenge/","hide_webview_header":true,"lock":true,"logout":false,"native_flow":true,"flow_render_type":0},"status":"fail"}'
2022-04-19 15:23:20,614 - instabot version: 0.117.0 (api) - ERROR - Request returns 400 error!
2022-04-19 15:23:20,614 - instabot version: 0.117.0 (api) - INFO - Instagram's error message: challenge_required
2022-04-19 15:23:20,615 - instabot version: 0.117.0 (api) - INFO - Instagram's error message: {}
2022-04-19 15:23:22,089 - instabot version: 0.117.0 (api) - DEBUG - GET to endpoint: qp/get_cooldowns/?signed_body=signed_body=4b9c516a5410a3bc128e09c6104a7f042146b9c2023870560c63a43a7f66781c.4&ig_sig_key_version=4&ig_sig_key_version=4 returned response: <Response [400]>
2022-04-19 15:23:22,089 - instabot version: 0.117.0 (api) - DEBUG - Responsecode indicates error; response content: b'{"message":"challenge_required","challenge":{"url":"https://i.instagram.com/challenge/?next=/api/v1/qp/get_cooldowns/%253Fsigned_body%253Dsigned_body%253D4b9c516a5410a3bc128e09c6104a7f042146b9c2023870560c63a43a7f66781c.4%2526ig_sig_key_version%253D4%2526ig_sig_key_version%253D4","api_path":"/challenge/","hide_webview_header":true,"lock":true,"logout":false,"native_flow":true,"flow_render_type":0},"status":"fail"}'
2022-04-19 15:23:22,089 - instabot version: 0.117.0 (api) - ERROR - Request returns 400 error!
2022-04-19 15:23:22,089 - instabot version: 0.117.0 (api) - INFO - Instagram's error message: challenge_required
2022-04-19 15:23:22,090 - instabot version: 0.117.0 (api) - INFO - Instagram's error message: {}
2022-04-19 15:23:22,582 - instabot version: 0.117.0 (api) - DEBUG - GET to endpoint: users/arlink_download_info/?version_override=2.2.1 returned response: <Response [400]>
2022-04-19 15:23:22,582 - instabot version: 0.117.0 (api) - DEBUG - Responsecode indicates error; response content: b'{"message":"challenge_required","challenge":{"url":"https://i.instagram.com/challenge/?next=/api/v1/users/arlink_download_info/%253Fversion_override%253D2.2.1","api_path":"/challenge/","hide_webview_header":true,"lock":true,"logout":false,"native_flow":true,"flow_render_type":0},"status":"fail"}'
2022-04-19 15:23:22,582 - instabot version: 0.117.0 (api) - ERROR - Request returns 400 error!
2022-04-19 15:23:22,583 - instabot version: 0.117.0 (api) - INFO - Instagram's error message: challenge_required
2022-04-19 15:23:22,583 - instabot version: 0.117.0 (api) - INFO - Instagram's error message: {}
2022-04-19 15:23:23,080 - instabot version: 0.117.0 (api) - DEBUG - GET to endpoint: users/2313100289/info/ returned response: <Response [400]>
2022-04-19 15:23:23,081 - instabot version: 0.117.0 (api) - DEBUG - Responsecode indicates error; response content: b'{"message":"challenge_required","challenge":{"url":"https://i.instagram.com/challenge/?next=/api/v1/users/2313100289/info/","api_path":"/challenge/","hide_webview_header":true,"lock":true,"logout":false,"native_flow":true,"flow_render_type":0},"status":"fail"}'
2022-04-19 15:23:23,081 - instabot version: 0.117.0 (api) - ERROR - Request returns 400 error!
2022-04-19 15:23:23,081 - instabot version: 0.117.0 (api) - INFO - Instagram's error message: challenge_required
2022-04-19 15:23:23,081 - instabot version: 0.117.0 (api) - INFO - Instagram's error message: {}
2022-04-19 15:23:24,895 - instabot version: 0.117.0 (api) - DEBUG - GET to endpoint: direct_v2/get_presence/ returned response: <Response [400]>
2022-04-19 15:23:24,895 - instabot version: 0.117.0 (api) - DEBUG - Responsecode indicates error; response content: b'{"message":"challenge_required","challenge":{"url":"https://i.instagram.com/challenge/?next=/api/v1/direct_v2/get_presence/","api_path":"/challenge/","hide_webview_header":true,"lock":true,"logout":false,"native_flow":true,"flow_render_type":0},"status":"fail"}'
2022-04-19 15:23:24,895 - instabot version: 0.117.0 (api) - ERROR - Request returns 400 error!
2022-04-19 15:23:24,895 - instabot version: 0.117.0 (api) - INFO - Instagram's error message: challenge_required
2022-04-19 15:23:24,895 - instabot version: 0.117.0 (api) - INFO - Instagram's error message: {}
2022-04-19 15:23:30,504 - instabot version: 0.117.0 (api) - DEBUG - GET to endpoint: direct_v2/inbox/?visual_message_return_type=unseen&thread_message_limit=10&persistentBadging=true&limit=20 returned response: <Response [400]>
2022-04-19 15:23:30,504 - instabot version: 0.117.0 (api) - DEBUG - Responsecode indicates error; response content: b'{"message":"challenge_required","challenge":{"url":"https://i.instagram.com/challenge/?next=/api/v1/direct_v2/inbox/%253Fvisual_message_return_type%253Dunseen%2526thread_message_limit%253D10%2526persistentBadging%253Dtrue%2526limit%253D20","api_path":"/challenge/","hide_webview_header":true,"lock":true,"logout":false,"native_flow":true,"flow_render_type":0},"status":"fail"}'
2022-04-19 15:23:30,504 - instabot version: 0.117.0 (api) - ERROR - Request returns 400 error!
2022-04-19 15:23:30,505 - instabot version: 0.117.0 (api) - INFO - Instagram's error message: challenge_required
2022-04-19 15:23:30,505 - instabot version: 0.117.0 (api) - INFO - Instagram's error message: {}
2022-04-19 15:23:34,745 - instabot version: 0.117.0 (api) - DEBUG - GET to endpoint: direct_v2/inbox/?visual_message_return_type=unseen&persistentBadging=true&limit=0 returned response: <Response [400]>
2022-04-19 15:23:34,745 - instabot version: 0.117.0 (api) - DEBUG - Responsecode indicates error; response content: b'{"message":"challenge_required","challenge":{"url":"https://i.instagram.com/challenge/?next=/api/v1/direct_v2/inbox/%253Fvisual_message_return_type%253Dunseen%2526persistentBadging%253Dtrue%2526limit%253D0","api_path":"/challenge/","hide_webview_header":true,"lock":true,"logout":false,"native_flow":true,"flow_render_type":0},"status":"fail"}'
2022-04-19 15:23:34,745 - instabot version: 0.117.0 (api) - ERROR - Request returns 400 error!
2022-04-19 15:23:34,745 - instabot version: 0.117.0 (api) - INFO - Instagram's error message: challenge_required
2022-04-19 15:23:34,745 - instabot version: 0.117.0 (api) - INFO - Instagram's error message: {}
2022-04-19 15:23:37,800 - instabot version: 0.117.0 (api) - DEBUG - GET to endpoint: discover/topical_explore/?is_prefetch=true&omit_cover_media=true&use_sectional_payload=true&timezone_offset=0&session_id=63e8f5af-9404-45e0-a2b2-1b8c05d5b263&include_fixed_destinations=true returned response: <Response [400]>
2022-04-19 15:23:37,800 - instabot version: 0.117.0 (api) - DEBUG - Responsecode indicates error; response content: b'{"message":"challenge_required","challenge":{"url":"https://i.instagram.com/challenge/?next=/api/v1/discover/topical_explore/%253Fis_prefetch%253Dtrue%2526omit_cover_media%253Dtrue%2526use_sectional_payload%253Dtrue%2526timezone_offset%253D0%2526session_id%253D63e8f5af-9404-45e0-a2b2-1b8c05d5b263%2526include_fixed_destinations%253Dtrue","api_path":"/challenge/","hide_webview_header":true,"lock":true,"logout":false,"native_flow":true,"flow_render_type":0},"status":"fail"}'
2022-04-19 15:23:37,800 - instabot version: 0.117.0 (api) - ERROR - Request returns 400 error!
2022-04-19 15:23:37,800 - instabot version: 0.117.0 (api) - INFO - Instagram's error message: challenge_required
2022-04-19 15:23:37,801 - instabot version: 0.117.0 (api) - INFO - Instagram's error message: {}
2022-04-19 15:23:40,984 - instabot version: 0.117.0 (api) - DEBUG - POST to endpoint: notifications/badge/ returned response: <Response [400]>
2022-04-19 15:23:40,984 - instabot version: 0.117.0 (api) - DEBUG - Responsecode indicates error; response content: b'{"message":"challenge_required","challenge":{"url":"https://i.instagram.com/challenge/?next=/api/v1/notifications/badge/","api_path":"/challenge/","hide_webview_header":true,"lock":true,"logout":false,"native_flow":true,"flow_render_type":0},"status":"fail"}'
2022-04-19 15:23:40,984 - instabot version: 0.117.0 (api) - ERROR - Request returns 400 error!
2022-04-19 15:23:40,984 - instabot version: 0.117.0 (api) - INFO - Instagram's error message: challenge_required
2022-04-19 15:23:40,984 - instabot version: 0.117.0 (api) - INFO - Instagram's error message: {}
2022-04-19 15:23:51,373 - instabot version: 0.117.0 (api) - DEBUG - POST to endpoint: qp/batch_fetch/ returned response: <Response [400]>
2022-04-19 15:23:51,373 - instabot version: 0.117.0 (api) - DEBUG - Responsecode indicates error; response content: b'{"message":"challenge_required","challenge":{"url":"https://i.instagram.com/challenge/?next=/api/v1/qp/batch_fetch/","api_path":"/challenge/","hide_webview_header":true,"lock":true,"logout":false,"native_flow":true,"flow_render_type":0},"status":"fail"}'
2022-04-19 15:23:51,373 - instabot version: 0.117.0 (api) - ERROR - Request returns 400 error!
2022-04-19 15:23:51,373 - instabot version: 0.117.0 (api) - INFO - Instagram's error message: challenge_required
2022-04-19 15:23:51,373 - instabot version: 0.117.0 (api) - INFO - Instagram's error message: {}
2022-04-19 15:23:51,374 - instabot version: 0.117.0 (bot_checkpoint) - DEBUG - Loading Checkpoint file from: /home/hunter/Documents/Workspace/Python_code/instaPy/config/gueni_art.checkpoint
2022-04-19 15:23:55,620 - instabot version: 0.117.0 (api) - DEBUG - GET to endpoint: users/2313100289/info/ returned response: <Response [400]>
2022-04-19 15:23:55,620 - instabot version: 0.117.0 (api) - DEBUG - Responsecode indicates error; response content: b'{"message":"challenge_required","challenge":{"url":"https://i.instagram.com/challenge/?next=/api/v1/users/2313100289/info/","api_path":"/challenge/","hide_webview_header":true,"lock":true,"logout":false,"native_flow":true,"flow_render_type":0},"status":"fail"}'
2022-04-19 15:23:55,620 - instabot version: 0.117.0 (api) - ERROR - Request returns 400 error!
2022-04-19 15:23:55,621 - instabot version: 0.117.0 (api) - INFO - Instagram's error message: challenge_required
2022-04-19 15:23:55,621 - instabot version: 0.117.0 (api) - INFO - Instagram's error message: {}
2022-04-19 15:23:55,677 - instabot version: 0.117.0 (bot_checkpoint) - DEBUG - Saving Checkpoint file to: /home/hunter/Documents/Workspace/Python_code/instaPy/config/gueni_art.checkpoint
2022-04-19 15:23:55,687 - instabot version: 0.117.0 (bot) - INFO - Total requests: 32
