                                                      Symbolic MOSFET Model Equations                                                       
┏━━━━━━━━━━━━━━━━━━━━━━━━━━━━━━━━┳━━━━━━━━━━━━━━━━━━━━━━━━━━━━━━━━━━━━━━━━━━━━━━━━━━━━━━━━━━━━━━━━━━━━━━━━━━━━━━━━━━━━━━━━━━━━━━━━━━━━━━━━━┓
┃ Equation                       ┃ Expression                                                                                              ┃
┡━━━━━━━━━━━━━━━━━━━━━━━━━━━━━━━━╇━━━━━━━━━━━━━━━━━━━━━━━━━━━━━━━━━━━━━━━━━━━━━━━━━━━━━━━━━━━━━━━━━━━━━━━━━━━━━━━━━━━━━━━━━━━━━━━━━━━━━━━━━┩
│ Id (Drain Current)             │ ⎧                                0                                   for Vgs - Vth₀ + kT⋅(T - 300) ≤ 0  │
│                                │ ⎪                                                                                                       │
│                                │ ⎪              μₑₓₚ                                                                                     │
│                                │ ⎪         ⎛300⎞     ⎛         2                                  ⎞                                      │
│                                │ ⎪Cox⋅W⋅μ₀⋅⎜───⎟    ⋅⎝- 0.5⋅Vds  + Vds⋅(Vgs - Vth₀ + kT⋅(T - 300))⎠                                      │
│                                │ ⎪         ⎝ T ⎠                                                                                         │
│                                │ ⎪─────────────────────────────────────────────────────────────────  for Vds < Vgs - Vth₀ + kT⋅(T - 300) │
│                                │ ⎨                                L                                                                      │
│                                │ ⎪                                                                                                       │
│                                │ ⎪                   μₑₓₚ                                                                                │
│                                │ ⎪              ⎛300⎞                                            2                                       │
│                                │ ⎪ 0.5⋅Cox⋅W⋅μ₀⋅⎜───⎟    ⋅(Vds⋅λ + 1)⋅(Vgs - Vth₀ + kT⋅(T - 300))                                        │
│                                │ ⎪              ⎝ T ⎠                                                                                    │
│                                │ ⎪ ───────────────────────────────────────────────────────────────                otherwise              │
│                                │ ⎩                                L                                                                      │
│ Cgs (Gate-Source Capacitance)  │ ⎧            0               for Vgs - Vth₀ + kT⋅(T - 300) ≤ 0                                          │
│                                │ ⎪                                                                                                       │
│                                │ ⎨0.666666666666667⋅Cox⋅L⋅W  for Vds < Vgs - Vth₀ + kT⋅(T - 300)                                         │
│                                │ ⎪                                                                                                       │
│                                │ ⎩0.333333333333333⋅Cox⋅L⋅W               otherwise                                                      │
│ Cgd (Gate-Drain Capacitance)   │ ⎧            0               for Vgs - Vth₀ + kT⋅(T - 300) ≤ 0                                          │
│                                │ ⎪                                                                                                       │
│                                │ ⎨0.333333333333333⋅Cox⋅L⋅W  for Vds < Vgs - Vth₀ + kT⋅(T - 300)                                         │
│                                │ ⎪                                                                                                       │
│                                │ ⎩            0                           otherwise                                                      │
│ Cds (Drain-Source Capacitance) │                      -m                                                                                 │
│                                │     ⎛    Max(0, Vds)⎞                                                                                   │
│                                │ Cj₀⋅⎜1 + ───────────⎟                                                                                   │
│                                │     ⎝        Vbi    ⎠                                                                                   │
└────────────────────────────────┴─────────────────────────────────────────────────────────────────────────────────────────────────────────┘
                    MOSFET Sweep Results @ T = 300 K                     
┏━━━━━━━━━┳━━━━━━━━━┳━━━━━━━━━━━━┳━━━━━━━━━━━━┳━━━━━━━━━━━━┳━━━━━━━━━━━━┓
┃ Vgs [V] ┃ Vds [V] ┃     Id [A] ┃    Cgs [F] ┃    Cgd [F] ┃    Cds [F] ┃
┡━━━━━━━━━╇━━━━━━━━━╇━━━━━━━━━━━━╇━━━━━━━━━━━━╇━━━━━━━━━━━━╇━━━━━━━━━━━━┩
│    0.00 │    0.00 │ 0.0000e+00 │ 0.0000e+00 │ 0.0000e+00 │ 1.0000e-12 │
├─────────┼─────────┼────────────┼────────────┼────────────┼────────────┤
│    0.00 │    0.50 │ 0.0000e+00 │ 0.0000e+00 │ 0.0000e+00 │ 7.6376e-13 │
├─────────┼─────────┼────────────┼────────────┼────────────┼────────────┤
│    0.00 │    1.00 │ 0.0000e+00 │ 0.0000e+00 │ 0.0000e+00 │ 6.4169e-13 │
├─────────┼─────────┼────────────┼────────────┼────────────┼────────────┤
│    0.00 │    1.50 │ 0.0000e+00 │ 0.0000e+00 │ 0.0000e+00 │ 5.6408e-13 │
├─────────┼─────────┼────────────┼────────────┼────────────┼────────────┤
│    0.00 │    2.00 │ 0.0000e+00 │ 0.0000e+00 │ 0.0000e+00 │ 5.0918e-13 │
├─────────┼─────────┼────────────┼────────────┼────────────┼────────────┤
│    0.00 │    2.50 │ 0.0000e+00 │ 0.0000e+00 │ 0.0000e+00 │ 4.6771e-13 │
├─────────┼─────────┼────────────┼────────────┼────────────┼────────────┤
│    0.00 │    3.00 │ 0.0000e+00 │ 0.0000e+00 │ 0.0000e+00 │ 4.3496e-13 │
├─────────┼─────────┼────────────┼────────────┼────────────┼────────────┤
│    0.50 │    0.00 │ 0.0000e+00 │ 0.0000e+00 │ 0.0000e+00 │ 1.0000e-12 │
├─────────┼─────────┼────────────┼────────────┼────────────┼────────────┤
│    0.50 │    0.50 │ 0.0000e+00 │ 0.0000e+00 │ 0.0000e+00 │ 7.6376e-13 │
├─────────┼─────────┼────────────┼────────────┼────────────┼────────────┤
│    0.50 │    1.00 │ 0.0000e+00 │ 0.0000e+00 │ 0.0000e+00 │ 6.4169e-13 │
├─────────┼─────────┼────────────┼────────────┼────────────┼────────────┤
│    0.50 │    1.50 │ 0.0000e+00 │ 0.0000e+00 │ 0.0000e+00 │ 5.6408e-13 │
├─────────┼─────────┼────────────┼────────────┼────────────┼────────────┤
│    0.50 │    2.00 │ 0.0000e+00 │ 0.0000e+00 │ 0.0000e+00 │ 5.0918e-13 │
├─────────┼─────────┼────────────┼────────────┼────────────┼────────────┤
│    0.50 │    2.50 │ 0.0000e+00 │ 0.0000e+00 │ 0.0000e+00 │ 4.6771e-13 │
├─────────┼─────────┼────────────┼────────────┼────────────┼────────────┤
│    0.50 │    3.00 │ 0.0000e+00 │ 0.0000e+00 │ 0.0000e+00 │ 4.3496e-13 │
├─────────┼─────────┼────────────┼────────────┼────────────┼────────────┤
│    1.00 │    0.00 │ 0.0000e+00 │ 0.0000e+00 │ 0.0000e+00 │ 1.0000e-12 │
├─────────┼─────────┼────────────┼────────────┼────────────┼────────────┤
│    1.00 │    0.50 │ 0.0000e+00 │ 0.0000e+00 │ 0.0000e+00 │ 7.6376e-13 │
├─────────┼─────────┼────────────┼────────────┼────────────┼────────────┤
│    1.00 │    1.00 │ 0.0000e+00 │ 0.0000e+00 │ 0.0000e+00 │ 6.4169e-13 │
├─────────┼─────────┼────────────┼────────────┼────────────┼────────────┤
│    1.00 │    1.50 │ 0.0000e+00 │ 0.0000e+00 │ 0.0000e+00 │ 5.6408e-13 │
├─────────┼─────────┼────────────┼────────────┼────────────┼────────────┤
│    1.00 │    2.00 │ 0.0000e+00 │ 0.0000e+00 │ 0.0000e+00 │ 5.0918e-13 │
├─────────┼─────────┼────────────┼────────────┼────────────┼────────────┤
│    1.00 │    2.50 │ 0.0000e+00 │ 0.0000e+00 │ 0.0000e+00 │ 4.6771e-13 │
├─────────┼─────────┼────────────┼────────────┼────────────┼────────────┤
│    1.00 │    3.00 │ 0.0000e+00 │ 0.0000e+00 │ 0.0000e+00 │ 4.3496e-13 │
├─────────┼─────────┼────────────┼────────────┼────────────┼────────────┤
│    1.50 │    0.00 │ 0.0000e+00 │ 2.3000e-13 │ 1.1500e-13 │ 1.0000e-12 │
├─────────┼─────────┼────────────┼────────────┼────────────┼────────────┤
│    1.50 │    0.50 │ 2.1778e-03 │ 1.1500e-13 │ 0.0000e+00 │ 7.6376e-13 │
├─────────┼─────────┼────────────┼────────────┼────────────┼────────────┤
│    1.50 │    1.00 │ 2.1994e-03 │ 1.1500e-13 │ 0.0000e+00 │ 6.4169e-13 │
├─────────┼─────────┼────────────┼────────────┼────────────┼────────────┤
│    1.50 │    1.50 │ 2.2209e-03 │ 1.1500e-13 │ 0.0000e+00 │ 5.6408e-13 │
├─────────┼─────────┼────────────┼────────────┼────────────┼────────────┤
│    1.50 │    2.00 │ 2.2425e-03 │ 1.1500e-13 │ 0.0000e+00 │ 5.0918e-13 │
├─────────┼─────────┼────────────┼────────────┼────────────┼────────────┤
│    1.50 │    2.50 │ 2.2641e-03 │ 1.1500e-13 │ 0.0000e+00 │ 4.6771e-13 │
├─────────┼─────────┼────────────┼────────────┼────────────┼────────────┤
│    1.50 │    3.00 │ 2.2856e-03 │ 1.1500e-13 │ 0.0000e+00 │ 4.3496e-13 │
├─────────┼─────────┼────────────┼────────────┼────────────┼────────────┤
│    2.00 │    0.00 │ 0.0000e+00 │ 2.3000e-13 │ 1.1500e-13 │ 1.0000e-12 │
├─────────┼─────────┼────────────┼────────────┼────────────┼────────────┤
│    2.00 │    0.50 │ 6.4688e-03 │ 2.3000e-13 │ 1.1500e-13 │ 7.6376e-13 │
├─────────┼─────────┼────────────┼────────────┼────────────┼────────────┤
│    2.00 │    1.00 │ 8.7975e-03 │ 1.1500e-13 │ 0.0000e+00 │ 6.4169e-13 │
├─────────┼─────────┼────────────┼────────────┼────────────┼────────────┤
│    2.00 │    1.50 │ 8.8838e-03 │ 1.1500e-13 │ 0.0000e+00 │ 5.6408e-13 │
├─────────┼─────────┼────────────┼────────────┼────────────┼────────────┤
│    2.00 │    2.00 │ 8.9700e-03 │ 1.1500e-13 │ 0.0000e+00 │ 5.0918e-13 │
├─────────┼─────────┼────────────┼────────────┼────────────┼────────────┤
│    2.00 │    2.50 │ 9.0563e-03 │ 1.1500e-13 │ 0.0000e+00 │ 4.6771e-13 │
├─────────┼─────────┼────────────┼────────────┼────────────┼────────────┤
│    2.00 │    3.00 │ 9.1425e-03 │ 1.1500e-13 │ 0.0000e+00 │ 4.3496e-13 │
├─────────┼─────────┼────────────┼────────────┼────────────┼────────────┤
│    2.50 │    0.00 │ 0.0000e+00 │ 2.3000e-13 │ 1.1500e-13 │ 1.0000e-12 │
├─────────┼─────────┼────────────┼────────────┼────────────┼────────────┤
│    2.50 │    0.50 │ 1.0781e-02 │ 2.3000e-13 │ 1.1500e-13 │ 7.6376e-13 │
├─────────┼─────────┼────────────┼────────────┼────────────┼────────────┤
│    2.50 │    1.00 │ 1.7250e-02 │ 2.3000e-13 │ 1.1500e-13 │ 6.4169e-13 │
├─────────┼─────────┼────────────┼────────────┼────────────┼────────────┤
│    2.50 │    1.50 │ 1.9988e-02 │ 1.1500e-13 │ 0.0000e+00 │ 5.6408e-13 │
├─────────┼─────────┼────────────┼────────────┼────────────┼────────────┤
│    2.50 │    2.00 │ 2.0183e-02 │ 1.1500e-13 │ 0.0000e+00 │ 5.0918e-13 │
├─────────┼─────────┼────────────┼────────────┼────────────┼────────────┤
│    2.50 │    2.50 │ 2.0377e-02 │ 1.1500e-13 │ 0.0000e+00 │ 4.6771e-13 │
├─────────┼─────────┼────────────┼────────────┼────────────┼────────────┤
│    2.50 │    3.00 │ 2.0571e-02 │ 1.1500e-13 │ 0.0000e+00 │ 4.3496e-13 │
├─────────┼─────────┼────────────┼────────────┼────────────┼────────────┤
│    3.00 │    0.00 │ 0.0000e+00 │ 2.3000e-13 │ 1.1500e-13 │ 1.0000e-12 │
├─────────┼─────────┼────────────┼────────────┼────────────┼────────────┤
│    3.00 │    0.50 │ 1.5094e-02 │ 2.3000e-13 │ 1.1500e-13 │ 7.6376e-13 │
├─────────┼─────────┼────────────┼────────────┼────────────┼────────────┤
│    3.00 │    1.00 │ 2.5875e-02 │ 2.3000e-13 │ 1.1500e-13 │ 6.4169e-13 │
├─────────┼─────────┼────────────┼────────────┼────────────┼────────────┤
│    3.00 │    1.50 │ 3.2344e-02 │ 2.3000e-13 │ 1.1500e-13 │ 5.6408e-13 │
├─────────┼─────────┼────────────┼────────────┼────────────┼────────────┤
│    3.00 │    2.00 │ 3.5880e-02 │ 1.1500e-13 │ 0.0000e+00 │ 5.0918e-13 │
├─────────┼─────────┼────────────┼────────────┼────────────┼────────────┤
│    3.00 │    2.50 │ 3.6225e-02 │ 1.1500e-13 │ 0.0000e+00 │ 4.6771e-13 │
├─────────┼─────────┼────────────┼────────────┼────────────┼────────────┤
│    3.00 │    3.00 │ 3.6570e-02 │ 1.1500e-13 │ 0.0000e+00 │ 4.3496e-13 │
└─────────┴─────────┴────────────┴────────────┴────────────┴────────────┘
                    MOSFET Sweep Results @ T = 325 K                     
┏━━━━━━━━━┳━━━━━━━━━┳━━━━━━━━━━━━┳━━━━━━━━━━━━┳━━━━━━━━━━━━┳━━━━━━━━━━━━┓
┃ Vgs [V] ┃ Vds [V] ┃     Id [A] ┃    Cgs [F] ┃    Cgd [F] ┃    Cds [F] ┃
┡━━━━━━━━━╇━━━━━━━━━╇━━━━━━━━━━━━╇━━━━━━━━━━━━╇━━━━━━━━━━━━╇━━━━━━━━━━━━┩
│    0.00 │    0.00 │ 0.0000e+00 │ 0.0000e+00 │ 0.0000e+00 │ 1.0000e-12 │
├─────────┼─────────┼────────────┼────────────┼────────────┼────────────┤
│    0.00 │    0.50 │ 0.0000e+00 │ 0.0000e+00 │ 0.0000e+00 │ 7.6376e-13 │
├─────────┼─────────┼────────────┼────────────┼────────────┼────────────┤
│    0.00 │    1.00 │ 0.0000e+00 │ 0.0000e+00 │ 0.0000e+00 │ 6.4169e-13 │
├─────────┼─────────┼────────────┼────────────┼────────────┼────────────┤
│    0.00 │    1.50 │ 0.0000e+00 │ 0.0000e+00 │ 0.0000e+00 │ 5.6408e-13 │
├─────────┼─────────┼────────────┼────────────┼────────────┼────────────┤
│    0.00 │    2.00 │ 0.0000e+00 │ 0.0000e+00 │ 0.0000e+00 │ 5.0918e-13 │
├─────────┼─────────┼────────────┼────────────┼────────────┼────────────┤
│    0.00 │    2.50 │ 0.0000e+00 │ 0.0000e+00 │ 0.0000e+00 │ 4.6771e-13 │
├─────────┼─────────┼────────────┼────────────┼────────────┼────────────┤
│    0.00 │    3.00 │ 0.0000e+00 │ 0.0000e+00 │ 0.0000e+00 │ 4.3496e-13 │
├─────────┼─────────┼────────────┼────────────┼────────────┼────────────┤
│    0.50 │    0.00 │ 0.0000e+00 │ 0.0000e+00 │ 0.0000e+00 │ 1.0000e-12 │
├─────────┼─────────┼────────────┼────────────┼────────────┼────────────┤
│    0.50 │    0.50 │ 0.0000e+00 │ 0.0000e+00 │ 0.0000e+00 │ 7.6376e-13 │
├─────────┼─────────┼────────────┼────────────┼────────────┼────────────┤
│    0.50 │    1.00 │ 0.0000e+00 │ 0.0000e+00 │ 0.0000e+00 │ 6.4169e-13 │
├─────────┼─────────┼────────────┼────────────┼────────────┼────────────┤
│    0.50 │    1.50 │ 0.0000e+00 │ 0.0000e+00 │ 0.0000e+00 │ 5.6408e-13 │
├─────────┼─────────┼────────────┼────────────┼────────────┼────────────┤
│    0.50 │    2.00 │ 0.0000e+00 │ 0.0000e+00 │ 0.0000e+00 │ 5.0918e-13 │
├─────────┼─────────┼────────────┼────────────┼────────────┼────────────┤
│    0.50 │    2.50 │ 0.0000e+00 │ 0.0000e+00 │ 0.0000e+00 │ 4.6771e-13 │
├─────────┼─────────┼────────────┼────────────┼────────────┼────────────┤
│    0.50 │    3.00 │ 0.0000e+00 │ 0.0000e+00 │ 0.0000e+00 │ 4.3496e-13 │
├─────────┼─────────┼────────────┼────────────┼────────────┼────────────┤
│    1.00 │    0.00 │ 0.0000e+00 │ 2.3000e-13 │ 1.1500e-13 │ 1.0000e-12 │
├─────────┼─────────┼────────────┼────────────┼────────────┼────────────┤
│    1.00 │    0.50 │ 1.9314e-05 │ 1.1500e-13 │ 0.0000e+00 │ 7.6376e-13 │
├─────────┼─────────┼────────────┼────────────┼────────────┼────────────┤
│    1.00 │    1.00 │ 1.9505e-05 │ 1.1500e-13 │ 0.0000e+00 │ 6.4169e-13 │
├─────────┼─────────┼────────────┼────────────┼────────────┼────────────┤
│    1.00 │    1.50 │ 1.9697e-05 │ 1.1500e-13 │ 0.0000e+00 │ 5.6408e-13 │
├─────────┼─────────┼────────────┼────────────┼────────────┼────────────┤
│    1.00 │    2.00 │ 1.9888e-05 │ 1.1500e-13 │ 0.0000e+00 │ 5.0918e-13 │
├─────────┼─────────┼────────────┼────────────┼────────────┼────────────┤
│    1.00 │    2.50 │ 2.0079e-05 │ 1.1500e-13 │ 0.0000e+00 │ 4.6771e-13 │
├─────────┼─────────┼────────────┼────────────┼────────────┼────────────┤
│    1.00 │    3.00 │ 2.0270e-05 │ 1.1500e-13 │ 0.0000e+00 │ 4.3496e-13 │
├─────────┼─────────┼────────────┼────────────┼────────────┼────────────┤
│    1.50 │    0.00 │ 0.0000e+00 │ 2.3000e-13 │ 1.1500e-13 │ 1.0000e-12 │
├─────────┼─────────┼────────────┼────────────┼────────────┼────────────┤
│    1.50 │    0.50 │ 2.2948e-03 │ 2.3000e-13 │ 1.1500e-13 │ 7.6376e-13 │
├─────────┼─────────┼────────────┼────────────┼────────────┼────────────┤
│    1.50 │    1.00 │ 2.3602e-03 │ 1.1500e-13 │ 0.0000e+00 │ 6.4169e-13 │
├─────────┼─────────┼────────────┼────────────┼────────────┼────────────┤
│    1.50 │    1.50 │ 2.3833e-03 │ 1.1500e-13 │ 0.0000e+00 │ 5.6408e-13 │
├─────────┼─────────┼────────────┼────────────┼────────────┼────────────┤
│    1.50 │    2.00 │ 2.4064e-03 │ 1.1500e-13 │ 0.0000e+00 │ 5.0918e-13 │
├─────────┼─────────┼────────────┼────────────┼────────────┼────────────┤
│    1.50 │    2.50 │ 2.4296e-03 │ 1.1500e-13 │ 0.0000e+00 │ 4.6771e-13 │
├─────────┼─────────┼────────────┼────────────┼────────────┼────────────┤
│    1.50 │    3.00 │ 2.4527e-03 │ 1.1500e-13 │ 0.0000e+00 │ 4.3496e-13 │
├─────────┼─────────┼────────────┼────────────┼────────────┼────────────┤
│    2.00 │    0.00 │ 0.0000e+00 │ 2.3000e-13 │ 1.1500e-13 │ 1.0000e-12 │
├─────────┼─────────┼────────────┼────────────┼────────────┼────────────┤
│    2.00 │    0.50 │ 6.1194e-03 │ 2.3000e-13 │ 1.1500e-13 │ 7.6376e-13 │
├─────────┼─────────┼────────────┼────────────┼────────────┼────────────┤
│    2.00 │    1.00 │ 8.4141e-03 │ 2.3000e-13 │ 1.1500e-13 │ 6.4169e-13 │
├─────────┼─────────┼────────────┼────────────┼────────────┼────────────┤
│    2.00 │    1.50 │ 8.6862e-03 │ 1.1500e-13 │ 0.0000e+00 │ 5.6408e-13 │
├─────────┼─────────┼────────────┼────────────┼────────────┼────────────┤
│    2.00 │    2.00 │ 8.7706e-03 │ 1.1500e-13 │ 0.0000e+00 │ 5.0918e-13 │
├─────────┼─────────┼────────────┼────────────┼────────────┼────────────┤
│    2.00 │    2.50 │ 8.8549e-03 │ 1.1500e-13 │ 0.0000e+00 │ 4.6771e-13 │
├─────────┼─────────┼────────────┼────────────┼────────────┼────────────┤
│    2.00 │    3.00 │ 8.9392e-03 │ 1.1500e-13 │ 0.0000e+00 │ 4.3496e-13 │
├─────────┼─────────┼────────────┼────────────┼────────────┼────────────┤
│    2.50 │    0.00 │ 0.0000e+00 │ 2.3000e-13 │ 1.1500e-13 │ 1.0000e-12 │
├─────────┼─────────┼────────────┼────────────┼────────────┼────────────┤
│    2.50 │    0.50 │ 9.9440e-03 │ 2.3000e-13 │ 1.1500e-13 │ 7.6376e-13 │
├─────────┼─────────┼────────────┼────────────┼────────────┼────────────┤
│    2.50 │    1.00 │ 1.6063e-02 │ 2.3000e-13 │ 1.1500e-13 │ 6.4169e-13 │
├─────────┼─────────┼────────────┼────────────┼────────────┼────────────┤
│    2.50 │    1.50 │ 1.8358e-02 │ 2.3000e-13 │ 1.1500e-13 │ 5.6408e-13 │
├─────────┼─────────┼────────────┼────────────┼────────────┼────────────┤
│    2.50 │    2.00 │ 1.9112e-02 │ 1.1500e-13 │ 0.0000e+00 │ 5.0918e-13 │
├─────────┼─────────┼────────────┼────────────┼────────────┼────────────┤
│    2.50 │    2.50 │ 1.9296e-02 │ 1.1500e-13 │ 0.0000e+00 │ 4.6771e-13 │
├─────────┼─────────┼────────────┼────────────┼────────────┼────────────┤
│    2.50 │    3.00 │ 1.9480e-02 │ 1.1500e-13 │ 0.0000e+00 │ 4.3496e-13 │
├─────────┼─────────┼────────────┼────────────┼────────────┼────────────┤
│    3.00 │    0.00 │ 0.0000e+00 │ 2.3000e-13 │ 1.1500e-13 │ 1.0000e-12 │
├─────────┼─────────┼────────────┼────────────┼────────────┼────────────┤
│    3.00 │    0.50 │ 1.3769e-02 │ 2.3000e-13 │ 1.1500e-13 │ 7.6376e-13 │
├─────────┼─────────┼────────────┼────────────┼────────────┼────────────┤
│    3.00 │    1.00 │ 2.3713e-02 │ 2.3000e-13 │ 1.1500e-13 │ 6.4169e-13 │
├─────────┼─────────┼────────────┼────────────┼────────────┼────────────┤
│    3.00 │    1.50 │ 2.9832e-02 │ 2.3000e-13 │ 1.1500e-13 │ 5.6408e-13 │
├─────────┼─────────┼────────────┼────────────┼────────────┼────────────┤
│    3.00 │    2.00 │ 3.2127e-02 │ 2.3000e-13 │ 1.1500e-13 │ 5.0918e-13 │
├─────────┼─────────┼────────────┼────────────┼────────────┼────────────┤
│    3.00 │    2.50 │ 3.3753e-02 │ 1.1500e-13 │ 0.0000e+00 │ 4.6771e-13 │
├─────────┼─────────┼────────────┼────────────┼────────────┼────────────┤
│    3.00 │    3.00 │ 3.4075e-02 │ 1.1500e-13 │ 0.0000e+00 │ 4.3496e-13 │
└─────────┴─────────┴────────────┴────────────┴────────────┴────────────┘
                    MOSFET Sweep Results @ T = 350 K                     
┏━━━━━━━━━┳━━━━━━━━━┳━━━━━━━━━━━━┳━━━━━━━━━━━━┳━━━━━━━━━━━━┳━━━━━━━━━━━━┓
┃ Vgs [V] ┃ Vds [V] ┃     Id [A] ┃    Cgs [F] ┃    Cgd [F] ┃    Cds [F] ┃
┡━━━━━━━━━╇━━━━━━━━━╇━━━━━━━━━━━━╇━━━━━━━━━━━━╇━━━━━━━━━━━━╇━━━━━━━━━━━━┩
│    0.00 │    0.00 │ 0.0000e+00 │ 0.0000e+00 │ 0.0000e+00 │ 1.0000e-12 │
├─────────┼─────────┼────────────┼────────────┼────────────┼────────────┤
│    0.00 │    0.50 │ 0.0000e+00 │ 0.0000e+00 │ 0.0000e+00 │ 7.6376e-13 │
├─────────┼─────────┼────────────┼────────────┼────────────┼────────────┤
│    0.00 │    1.00 │ 0.0000e+00 │ 0.0000e+00 │ 0.0000e+00 │ 6.4169e-13 │
├─────────┼─────────┼────────────┼────────────┼────────────┼────────────┤
│    0.00 │    1.50 │ 0.0000e+00 │ 0.0000e+00 │ 0.0000e+00 │ 5.6408e-13 │
├─────────┼─────────┼────────────┼────────────┼────────────┼────────────┤
│    0.00 │    2.00 │ 0.0000e+00 │ 0.0000e+00 │ 0.0000e+00 │ 5.0918e-13 │
├─────────┼─────────┼────────────┼────────────┼────────────┼────────────┤
│    0.00 │    2.50 │ 0.0000e+00 │ 0.0000e+00 │ 0.0000e+00 │ 4.6771e-13 │
├─────────┼─────────┼────────────┼────────────┼────────────┼────────────┤
│    0.00 │    3.00 │ 0.0000e+00 │ 0.0000e+00 │ 0.0000e+00 │ 4.3496e-13 │
├─────────┼─────────┼────────────┼────────────┼────────────┼────────────┤
│    0.50 │    0.00 │ 0.0000e+00 │ 0.0000e+00 │ 0.0000e+00 │ 1.0000e-12 │
├─────────┼─────────┼────────────┼────────────┼────────────┼────────────┤
│    0.50 │    0.50 │ 0.0000e+00 │ 0.0000e+00 │ 0.0000e+00 │ 7.6376e-13 │
├─────────┼─────────┼────────────┼────────────┼────────────┼────────────┤
│    0.50 │    1.00 │ 0.0000e+00 │ 0.0000e+00 │ 0.0000e+00 │ 6.4169e-13 │
├─────────┼─────────┼────────────┼────────────┼────────────┼────────────┤
│    0.50 │    1.50 │ 0.0000e+00 │ 0.0000e+00 │ 0.0000e+00 │ 5.6408e-13 │
├─────────┼─────────┼────────────┼────────────┼────────────┼────────────┤
│    0.50 │    2.00 │ 0.0000e+00 │ 0.0000e+00 │ 0.0000e+00 │ 5.0918e-13 │
├─────────┼─────────┼────────────┼────────────┼────────────┼────────────┤
│    0.50 │    2.50 │ 0.0000e+00 │ 0.0000e+00 │ 0.0000e+00 │ 4.6771e-13 │
├─────────┼─────────┼────────────┼────────────┼────────────┼────────────┤
│    0.50 │    3.00 │ 0.0000e+00 │ 0.0000e+00 │ 0.0000e+00 │ 4.3496e-13 │
├─────────┼─────────┼────────────┼────────────┼────────────┼────────────┤
│    1.00 │    0.00 │ 0.0000e+00 │ 2.3000e-13 │ 1.1500e-13 │ 1.0000e-12 │
├─────────┼─────────┼────────────┼────────────┼────────────┼────────────┤
│    1.00 │    0.50 │ 6.9129e-05 │ 1.1500e-13 │ 0.0000e+00 │ 7.6376e-13 │
├─────────┼─────────┼────────────┼────────────┼────────────┼────────────┤
│    1.00 │    1.00 │ 6.9813e-05 │ 1.1500e-13 │ 0.0000e+00 │ 6.4169e-13 │
├─────────┼─────────┼────────────┼────────────┼────────────┼────────────┤
│    1.00 │    1.50 │ 7.0498e-05 │ 1.1500e-13 │ 0.0000e+00 │ 5.6408e-13 │
├─────────┼─────────┼────────────┼────────────┼────────────┼────────────┤
│    1.00 │    2.00 │ 7.1182e-05 │ 1.1500e-13 │ 0.0000e+00 │ 5.0918e-13 │
├─────────┼─────────┼────────────┼────────────┼────────────┼────────────┤
│    1.00 │    2.50 │ 7.1867e-05 │ 1.1500e-13 │ 0.0000e+00 │ 4.6771e-13 │
├─────────┼─────────┼────────────┼────────────┼────────────┼────────────┤
│    1.00 │    3.00 │ 7.2551e-05 │ 1.1500e-13 │ 0.0000e+00 │ 4.3496e-13 │
├─────────┼─────────┼────────────┼────────────┼────────────┼────────────┤
│    1.50 │    0.00 │ 0.0000e+00 │ 2.3000e-13 │ 1.1500e-13 │ 1.0000e-12 │
├─────────┼─────────┼────────────┼────────────┼────────────┼────────────┤
│    1.50 │    0.50 │ 2.3956e-03 │ 2.3000e-13 │ 1.1500e-13 │ 7.6376e-13 │
├─────────┼─────────┼────────────┼────────────┼────────────┼────────────┤
│    1.50 │    1.00 │ 2.5133e-03 │ 1.1500e-13 │ 0.0000e+00 │ 6.4169e-13 │
├─────────┼─────────┼────────────┼────────────┼────────────┼────────────┤
│    1.50 │    1.50 │ 2.5379e-03 │ 1.1500e-13 │ 0.0000e+00 │ 5.6408e-13 │
├─────────┼─────────┼────────────┼────────────┼────────────┼────────────┤
│    1.50 │    2.00 │ 2.5626e-03 │ 1.1500e-13 │ 0.0000e+00 │ 5.0918e-13 │
├─────────┼─────────┼────────────┼────────────┼────────────┼────────────┤
│    1.50 │    2.50 │ 2.5872e-03 │ 1.1500e-13 │ 0.0000e+00 │ 4.6771e-13 │
├─────────┼─────────┼────────────┼────────────┼────────────┼────────────┤
│    1.50 │    3.00 │ 2.6118e-03 │ 1.1500e-13 │ 0.0000e+00 │ 4.3496e-13 │
├─────────┼─────────┼────────────┼────────────┼────────────┼────────────┤
│    2.00 │    0.00 │ 0.0000e+00 │ 2.3000e-13 │ 1.1500e-13 │ 1.0000e-12 │
├─────────┼─────────┼────────────┼────────────┼────────────┼────────────┤
│    2.00 │    0.50 │ 5.8178e-03 │ 2.3000e-13 │ 1.1500e-13 │ 7.6376e-13 │
├─────────┼─────────┼────────────┼────────────┼────────────┼────────────┤
│    2.00 │    1.00 │ 8.2133e-03 │ 2.3000e-13 │ 1.1500e-13 │ 6.4169e-13 │
├─────────┼─────────┼────────────┼────────────┼────────────┼────────────┤
│    2.00 │    1.50 │ 8.5302e-03 │ 1.1500e-13 │ 0.0000e+00 │ 5.6408e-13 │
├─────────┼─────────┼────────────┼────────────┼────────────┼────────────┤
│    2.00 │    2.00 │ 8.6131e-03 │ 1.1500e-13 │ 0.0000e+00 │ 5.0918e-13 │
├─────────┼─────────┼────────────┼────────────┼────────────┼────────────┤
│    2.00 │    2.50 │ 8.6959e-03 │ 1.1500e-13 │ 0.0000e+00 │ 4.6771e-13 │
├─────────┼─────────┼────────────┼────────────┼────────────┼────────────┤
│    2.00 │    3.00 │ 8.7787e-03 │ 1.1500e-13 │ 0.0000e+00 │ 4.3496e-13 │
├─────────┼─────────┼────────────┼────────────┼────────────┼────────────┤
│    2.50 │    0.00 │ 0.0000e+00 │ 2.3000e-13 │ 1.1500e-13 │ 1.0000e-12 │
├─────────┼─────────┼────────────┼────────────┼────────────┼────────────┤
│    2.50 │    0.50 │ 9.2400e-03 │ 2.3000e-13 │ 1.1500e-13 │ 7.6376e-13 │
├─────────┼─────────┼────────────┼────────────┼────────────┼────────────┤
│    2.50 │    1.00 │ 1.5058e-02 │ 2.3000e-13 │ 1.1500e-13 │ 6.4169e-13 │
├─────────┼─────────┼────────────┼────────────┼────────────┼────────────┤
│    2.50 │    1.50 │ 1.7453e-02 │ 2.3000e-13 │ 1.1500e-13 │ 5.6408e-13 │
├─────────┼─────────┼────────────┼────────────┼────────────┼────────────┤
│    2.50 │    2.00 │ 1.8223e-02 │ 1.1500e-13 │ 0.0000e+00 │ 5.0918e-13 │
├─────────┼─────────┼────────────┼────────────┼────────────┼────────────┤
│    2.50 │    2.50 │ 1.8398e-02 │ 1.1500e-13 │ 0.0000e+00 │ 4.6771e-13 │
├─────────┼─────────┼────────────┼────────────┼────────────┼────────────┤
│    2.50 │    3.00 │ 1.8573e-02 │ 1.1500e-13 │ 0.0000e+00 │ 4.3496e-13 │
├─────────┼─────────┼────────────┼────────────┼────────────┼────────────┤
│    3.00 │    0.00 │ 0.0000e+00 │ 2.3000e-13 │ 1.1500e-13 │ 1.0000e-12 │
├─────────┼─────────┼────────────┼────────────┼────────────┼────────────┤
│    3.00 │    0.50 │ 1.2662e-02 │ 2.3000e-13 │ 1.1500e-13 │ 7.6376e-13 │
├─────────┼─────────┼────────────┼────────────┼────────────┼────────────┤
│    3.00 │    1.00 │ 2.1902e-02 │ 2.3000e-13 │ 1.1500e-13 │ 6.4169e-13 │
├─────────┼─────────┼────────────┼────────────┼────────────┼────────────┤
│    3.00 │    1.50 │ 2.7720e-02 │ 2.3000e-13 │ 1.1500e-13 │ 5.6408e-13 │
├─────────┼─────────┼────────────┼────────────┼────────────┼────────────┤
│    3.00 │    2.00 │ 3.0116e-02 │ 2.3000e-13 │ 1.1500e-13 │ 5.0918e-13 │
├─────────┼─────────┼────────────┼────────────┼────────────┼────────────┤
│    3.00 │    2.50 │ 3.1693e-02 │ 1.1500e-13 │ 0.0000e+00 │ 4.6771e-13 │
├─────────┼─────────┼────────────┼────────────┼────────────┼────────────┤
│    3.00 │    3.00 │ 3.1995e-02 │ 1.1500e-13 │ 0.0000e+00 │ 4.3496e-13 │
└─────────┴─────────┴────────────┴────────────┴────────────┴────────────┘
                    MOSFET Sweep Results @ T = 375 K                     
┏━━━━━━━━━┳━━━━━━━━━┳━━━━━━━━━━━━┳━━━━━━━━━━━━┳━━━━━━━━━━━━┳━━━━━━━━━━━━┓
┃ Vgs [V] ┃ Vds [V] ┃     Id [A] ┃    Cgs [F] ┃    Cgd [F] ┃    Cds [F] ┃
┡━━━━━━━━━╇━━━━━━━━━╇━━━━━━━━━━━━╇━━━━━━━━━━━━╇━━━━━━━━━━━━╇━━━━━━━━━━━━┩
│    0.00 │    0.00 │ 0.0000e+00 │ 0.0000e+00 │ 0.0000e+00 │ 1.0000e-12 │
├─────────┼─────────┼────────────┼────────────┼────────────┼────────────┤
│    0.00 │    0.50 │ 0.0000e+00 │ 0.0000e+00 │ 0.0000e+00 │ 7.6376e-13 │
├─────────┼─────────┼────────────┼────────────┼────────────┼────────────┤
│    0.00 │    1.00 │ 0.0000e+00 │ 0.0000e+00 │ 0.0000e+00 │ 6.4169e-13 │
├─────────┼─────────┼────────────┼────────────┼────────────┼────────────┤
│    0.00 │    1.50 │ 0.0000e+00 │ 0.0000e+00 │ 0.0000e+00 │ 5.6408e-13 │
├─────────┼─────────┼────────────┼────────────┼────────────┼────────────┤
│    0.00 │    2.00 │ 0.0000e+00 │ 0.0000e+00 │ 0.0000e+00 │ 5.0918e-13 │
├─────────┼─────────┼────────────┼────────────┼────────────┼────────────┤
│    0.00 │    2.50 │ 0.0000e+00 │ 0.0000e+00 │ 0.0000e+00 │ 4.6771e-13 │
├─────────┼─────────┼────────────┼────────────┼────────────┼────────────┤
│    0.00 │    3.00 │ 0.0000e+00 │ 0.0000e+00 │ 0.0000e+00 │ 4.3496e-13 │
├─────────┼─────────┼────────────┼────────────┼────────────┼────────────┤
│    0.50 │    0.00 │ 0.0000e+00 │ 0.0000e+00 │ 0.0000e+00 │ 1.0000e-12 │
├─────────┼─────────┼────────────┼────────────┼────────────┼────────────┤
│    0.50 │    0.50 │ 0.0000e+00 │ 0.0000e+00 │ 0.0000e+00 │ 7.6376e-13 │
├─────────┼─────────┼────────────┼────────────┼────────────┼────────────┤
│    0.50 │    1.00 │ 0.0000e+00 │ 0.0000e+00 │ 0.0000e+00 │ 6.4169e-13 │
├─────────┼─────────┼────────────┼────────────┼────────────┼────────────┤
│    0.50 │    1.50 │ 0.0000e+00 │ 0.0000e+00 │ 0.0000e+00 │ 5.6408e-13 │
├─────────┼─────────┼────────────┼────────────┼────────────┼────────────┤
│    0.50 │    2.00 │ 0.0000e+00 │ 0.0000e+00 │ 0.0000e+00 │ 5.0918e-13 │
├─────────┼─────────┼────────────┼────────────┼────────────┼────────────┤
│    0.50 │    2.50 │ 0.0000e+00 │ 0.0000e+00 │ 0.0000e+00 │ 4.6771e-13 │
├─────────┼─────────┼────────────┼────────────┼────────────┼────────────┤
│    0.50 │    3.00 │ 0.0000e+00 │ 0.0000e+00 │ 0.0000e+00 │ 4.3496e-13 │
├─────────┼─────────┼────────────┼────────────┼────────────┼────────────┤
│    1.00 │    0.00 │ 0.0000e+00 │ 2.3000e-13 │ 1.1500e-13 │ 1.0000e-12 │
├─────────┼─────────┼────────────┼────────────┼────────────┼────────────┤
│    1.00 │    0.50 │ 1.4025e-04 │ 1.1500e-13 │ 0.0000e+00 │ 7.6376e-13 │
├─────────┼─────────┼────────────┼────────────┼────────────┼────────────┤
│    1.00 │    1.00 │ 1.4164e-04 │ 1.1500e-13 │ 0.0000e+00 │ 6.4169e-13 │
├─────────┼─────────┼────────────┼────────────┼────────────┼────────────┤
│    1.00 │    1.50 │ 1.4303e-04 │ 1.1500e-13 │ 0.0000e+00 │ 5.6408e-13 │
├─────────┼─────────┼────────────┼────────────┼────────────┼────────────┤
│    1.00 │    2.00 │ 1.4441e-04 │ 1.1500e-13 │ 0.0000e+00 │ 5.0918e-13 │
├─────────┼─────────┼────────────┼────────────┼────────────┼────────────┤
│    1.00 │    2.50 │ 1.4580e-04 │ 1.1500e-13 │ 0.0000e+00 │ 4.6771e-13 │
├─────────┼─────────┼────────────┼────────────┼────────────┼────────────┤
│    1.00 │    3.00 │ 1.4719e-04 │ 1.1500e-13 │ 0.0000e+00 │ 4.3496e-13 │
├─────────┼─────────┼────────────┼────────────┼────────────┼────────────┤
│    1.50 │    0.00 │ 0.0000e+00 │ 2.3000e-13 │ 1.1500e-13 │ 1.0000e-12 │
├─────────┼─────────┼────────────┼────────────┼────────────┼────────────┤
│    1.50 │    0.50 │ 2.4686e-03 │ 2.3000e-13 │ 1.1500e-13 │ 7.6376e-13 │
├─────────┼─────────┼────────────┼────────────┼────────────┼────────────┤
│    1.50 │    1.00 │ 2.6596e-03 │ 1.1500e-13 │ 0.0000e+00 │ 6.4169e-13 │
├─────────┼─────────┼────────────┼────────────┼────────────┼────────────┤
│    1.50 │    1.50 │ 2.6857e-03 │ 1.1500e-13 │ 0.0000e+00 │ 5.6408e-13 │
├─────────┼─────────┼────────────┼────────────┼────────────┼────────────┤
│    1.50 │    2.00 │ 2.7118e-03 │ 1.1500e-13 │ 0.0000e+00 │ 5.0918e-13 │
├─────────┼─────────┼────────────┼────────────┼────────────┼────────────┤
│    1.50 │    2.50 │ 2.7379e-03 │ 1.1500e-13 │ 0.0000e+00 │ 4.6771e-13 │
├─────────┼─────────┼────────────┼────────────┼────────────┼────────────┤
│    1.50 │    3.00 │ 2.7639e-03 │ 1.1500e-13 │ 0.0000e+00 │ 4.3496e-13 │
├─────────┼─────────┼────────────┼────────────┼────────────┼────────────┤
│    2.00 │    0.00 │ 0.0000e+00 │ 2.3000e-13 │ 1.1500e-13 │ 1.0000e-12 │
├─────────┼─────────┼────────────┼────────────┼────────────┼────────────┤
│    2.00 │    0.50 │ 5.5544e-03 │ 2.3000e-13 │ 1.1500e-13 │ 7.6376e-13 │
├─────────┼─────────┼────────────┼────────────┼────────────┼────────────┤
│    2.00 │    1.00 │ 8.0230e-03 │ 2.3000e-13 │ 1.1500e-13 │ 6.4169e-13 │
├─────────┼─────────┼────────────┼────────────┼────────────┼────────────┤
│    2.00 │    1.50 │ 8.4067e-03 │ 1.1500e-13 │ 0.0000e+00 │ 5.6408e-13 │
├─────────┼─────────┼────────────┼────────────┼────────────┼────────────┤
│    2.00 │    2.00 │ 8.4883e-03 │ 1.1500e-13 │ 0.0000e+00 │ 5.0918e-13 │
├─────────┼─────────┼────────────┼────────────┼────────────┼────────────┤
│    2.00 │    2.50 │ 8.5700e-03 │ 1.1500e-13 │ 0.0000e+00 │ 4.6771e-13 │
├─────────┼─────────┼────────────┼────────────┼────────────┼────────────┤
│    2.00 │    3.00 │ 8.6516e-03 │ 1.1500e-13 │ 0.0000e+00 │ 4.3496e-13 │
├─────────┼─────────┼────────────┼────────────┼────────────┼────────────┤
│    2.50 │    0.00 │ 0.0000e+00 │ 2.3000e-13 │ 1.1500e-13 │ 1.0000e-12 │
├─────────┼─────────┼────────────┼────────────┼────────────┼────────────┤
│    2.50 │    0.50 │ 8.6402e-03 │ 2.3000e-13 │ 1.1500e-13 │ 7.6376e-13 │
├─────────┼─────────┼────────────┼────────────┼────────────┼────────────┤
│    2.50 │    1.00 │ 1.4195e-02 │ 2.3000e-13 │ 1.1500e-13 │ 6.4169e-13 │
├─────────┼─────────┼────────────┼────────────┼────────────┼────────────┤
│    2.50 │    1.50 │ 1.6663e-02 │ 2.3000e-13 │ 1.1500e-13 │ 5.6408e-13 │
├─────────┼─────────┼────────────┼────────────┼────────────┼────────────┤
│    2.50 │    2.00 │ 1.7474e-02 │ 1.1500e-13 │ 0.0000e+00 │ 5.0918e-13 │
├─────────┼─────────┼────────────┼────────────┼────────────┼────────────┤
│    2.50 │    2.50 │ 1.7642e-02 │ 1.1500e-13 │ 0.0000e+00 │ 4.6771e-13 │
├─────────┼─────────┼────────────┼────────────┼────────────┼────────────┤
│    2.50 │    3.00 │ 1.7810e-02 │ 1.1500e-13 │ 0.0000e+00 │ 4.3496e-13 │
├─────────┼─────────┼────────────┼────────────┼────────────┼────────────┤
│    3.00 │    0.00 │ 0.0000e+00 │ 2.3000e-13 │ 1.1500e-13 │ 1.0000e-12 │
├─────────┼─────────┼────────────┼────────────┼────────────┼────────────┤
│    3.00 │    0.50 │ 1.1726e-02 │ 2.3000e-13 │ 1.1500e-13 │ 7.6376e-13 │
├─────────┼─────────┼────────────┼────────────┼────────────┼────────────┤
│    3.00 │    1.00 │ 2.0366e-02 │ 2.3000e-13 │ 1.1500e-13 │ 6.4169e-13 │
├─────────┼─────────┼────────────┼────────────┼────────────┼────────────┤
│    3.00 │    1.50 │ 2.5920e-02 │ 2.3000e-13 │ 1.1500e-13 │ 5.6408e-13 │
├─────────┼─────────┼────────────┼────────────┼────────────┼────────────┤
│    3.00 │    2.00 │ 2.8389e-02 │ 2.3000e-13 │ 1.1500e-13 │ 5.0918e-13 │
├─────────┼─────────┼────────────┼────────────┼────────────┼────────────┤
│    3.00 │    2.50 │ 2.9954e-02 │ 1.1500e-13 │ 0.0000e+00 │ 4.6771e-13 │
├─────────┼─────────┼────────────┼────────────┼────────────┼────────────┤
│    3.00 │    3.00 │ 3.0240e-02 │ 1.1500e-13 │ 0.0000e+00 │ 4.3496e-13 │
└─────────┴─────────┴────────────┴────────────┴────────────┴────────────┘
                    MOSFET Sweep Results @ T = 400 K                     
┏━━━━━━━━━┳━━━━━━━━━┳━━━━━━━━━━━━┳━━━━━━━━━━━━┳━━━━━━━━━━━━┳━━━━━━━━━━━━┓
┃ Vgs [V] ┃ Vds [V] ┃     Id [A] ┃    Cgs [F] ┃    Cgd [F] ┃    Cds [F] ┃
┡━━━━━━━━━╇━━━━━━━━━╇━━━━━━━━━━━━╇━━━━━━━━━━━━╇━━━━━━━━━━━━╇━━━━━━━━━━━━┩
│    0.00 │    0.00 │ 0.0000e+00 │ 0.0000e+00 │ 0.0000e+00 │ 1.0000e-12 │
├─────────┼─────────┼────────────┼────────────┼────────────┼────────────┤
│    0.00 │    0.50 │ 0.0000e+00 │ 0.0000e+00 │ 0.0000e+00 │ 7.6376e-13 │
├─────────┼─────────┼────────────┼────────────┼────────────┼────────────┤
│    0.00 │    1.00 │ 0.0000e+00 │ 0.0000e+00 │ 0.0000e+00 │ 6.4169e-13 │
├─────────┼─────────┼────────────┼────────────┼────────────┼────────────┤
│    0.00 │    1.50 │ 0.0000e+00 │ 0.0000e+00 │ 0.0000e+00 │ 5.6408e-13 │
├─────────┼─────────┼────────────┼────────────┼────────────┼────────────┤
│    0.00 │    2.00 │ 0.0000e+00 │ 0.0000e+00 │ 0.0000e+00 │ 5.0918e-13 │
├─────────┼─────────┼────────────┼────────────┼────────────┼────────────┤
│    0.00 │    2.50 │ 0.0000e+00 │ 0.0000e+00 │ 0.0000e+00 │ 4.6771e-13 │
├─────────┼─────────┼────────────┼────────────┼────────────┼────────────┤
│    0.00 │    3.00 │ 0.0000e+00 │ 0.0000e+00 │ 0.0000e+00 │ 4.3496e-13 │
├─────────┼─────────┼────────────┼────────────┼────────────┼────────────┤
│    0.50 │    0.00 │ 0.0000e+00 │ 0.0000e+00 │ 0.0000e+00 │ 1.0000e-12 │
├─────────┼─────────┼────────────┼────────────┼────────────┼────────────┤
│    0.50 │    0.50 │ 0.0000e+00 │ 0.0000e+00 │ 0.0000e+00 │ 7.6376e-13 │
├─────────┼─────────┼────────────┼────────────┼────────────┼────────────┤
│    0.50 │    1.00 │ 0.0000e+00 │ 0.0000e+00 │ 0.0000e+00 │ 6.4169e-13 │
├─────────┼─────────┼────────────┼────────────┼────────────┼────────────┤
│    0.50 │    1.50 │ 0.0000e+00 │ 0.0000e+00 │ 0.0000e+00 │ 5.6408e-13 │
├─────────┼─────────┼────────────┼────────────┼────────────┼────────────┤
│    0.50 │    2.00 │ 0.0000e+00 │ 0.0000e+00 │ 0.0000e+00 │ 5.0918e-13 │
├─────────┼─────────┼────────────┼────────────┼────────────┼────────────┤
│    0.50 │    2.50 │ 0.0000e+00 │ 0.0000e+00 │ 0.0000e+00 │ 4.6771e-13 │
├─────────┼─────────┼────────────┼────────────┼────────────┼────────────┤
│    0.50 │    3.00 │ 0.0000e+00 │ 0.0000e+00 │ 0.0000e+00 │ 4.3496e-13 │
├─────────┼─────────┼────────────┼────────────┼────────────┼────────────┤
│    1.00 │    0.00 │ 0.0000e+00 │ 2.3000e-13 │ 1.1500e-13 │ 1.0000e-12 │
├─────────┼─────────┼────────────┼────────────┼────────────┼────────────┤
│    1.00 │    0.50 │ 2.2632e-04 │ 1.1500e-13 │ 0.0000e+00 │ 7.6376e-13 │
├─────────┼─────────┼────────────┼────────────┼────────────┼────────────┤
│    1.00 │    1.00 │ 2.2857e-04 │ 1.1500e-13 │ 0.0000e+00 │ 6.4169e-13 │
├─────────┼─────────┼────────────┼────────────┼────────────┼────────────┤
│    1.00 │    1.50 │ 2.3081e-04 │ 1.1500e-13 │ 0.0000e+00 │ 5.6408e-13 │
├─────────┼─────────┼────────────┼────────────┼────────────┼────────────┤
│    1.00 │    2.00 │ 2.3305e-04 │ 1.1500e-13 │ 0.0000e+00 │ 5.0918e-13 │
├─────────┼─────────┼────────────┼────────────┼────────────┼────────────┤
│    1.00 │    2.50 │ 2.3529e-04 │ 1.1500e-13 │ 0.0000e+00 │ 4.6771e-13 │
├─────────┼─────────┼────────────┼────────────┼────────────┼────────────┤
│    1.00 │    3.00 │ 2.3753e-04 │ 1.1500e-13 │ 0.0000e+00 │ 4.3496e-13 │
├─────────┼─────────┼────────────┼────────────┼────────────┼────────────┤
│    1.50 │    0.00 │ 0.0000e+00 │ 2.3000e-13 │ 1.1500e-13 │ 1.0000e-12 │
├─────────┼─────────┼────────────┼────────────┼────────────┼────────────┤
│    1.50 │    0.50 │ 2.5209e-03 │ 2.3000e-13 │ 1.1500e-13 │ 7.6376e-13 │
├─────────┼─────────┼────────────┼────────────┼────────────┼────────────┤
│    1.50 │    1.00 │ 2.7999e-03 │ 1.1500e-13 │ 0.0000e+00 │ 6.4169e-13 │
├─────────┼─────────┼────────────┼────────────┼────────────┼────────────┤
│    1.50 │    1.50 │ 2.8274e-03 │ 1.1500e-13 │ 0.0000e+00 │ 5.6408e-13 │
├─────────┼─────────┼────────────┼────────────┼────────────┼────────────┤
│    1.50 │    2.00 │ 2.8548e-03 │ 1.1500e-13 │ 0.0000e+00 │ 5.0918e-13 │
├─────────┼─────────┼────────────┼────────────┼────────────┼────────────┤
│    1.50 │    2.50 │ 2.8823e-03 │ 1.1500e-13 │ 0.0000e+00 │ 4.6771e-13 │
├─────────┼─────────┼────────────┼────────────┼────────────┼────────────┤
│    1.50 │    3.00 │ 2.9097e-03 │ 1.1500e-13 │ 0.0000e+00 │ 4.3496e-13 │
├─────────┼─────────┼────────────┼────────────┼────────────┼────────────┤
│    2.00 │    0.00 │ 0.0000e+00 │ 2.3000e-13 │ 1.1500e-13 │ 1.0000e-12 │
├─────────┼─────────┼────────────┼────────────┼────────────┼────────────┤
│    2.00 │    0.50 │ 5.3220e-03 │ 2.3000e-13 │ 1.1500e-13 │ 7.6376e-13 │
├─────────┼─────────┼────────────┼────────────┼────────────┼────────────┤
│    2.00 │    1.00 │ 7.8429e-03 │ 2.3000e-13 │ 1.1500e-13 │ 6.4169e-13 │
├─────────┼─────────┼────────────┼────────────┼────────────┼────────────┤
│    2.00 │    1.50 │ 8.3090e-03 │ 1.1500e-13 │ 0.0000e+00 │ 5.6408e-13 │
├─────────┼─────────┼────────────┼────────────┼────────────┼────────────┤
│    2.00 │    2.00 │ 8.3897e-03 │ 1.1500e-13 │ 0.0000e+00 │ 5.0918e-13 │
├─────────┼─────────┼────────────┼────────────┼────────────┼────────────┤
│    2.00 │    2.50 │ 8.4704e-03 │ 1.1500e-13 │ 0.0000e+00 │ 4.6771e-13 │
├─────────┼─────────┼────────────┼────────────┼────────────┼────────────┤
│    2.00 │    3.00 │ 8.5510e-03 │ 1.1500e-13 │ 0.0000e+00 │ 4.3496e-13 │
├─────────┼─────────┼────────────┼────────────┼────────────┼────────────┤
│    2.50 │    0.00 │ 0.0000e+00 │ 2.3000e-13 │ 1.1500e-13 │ 1.0000e-12 │
├─────────┼─────────┼────────────┼────────────┼────────────┼────────────┤
│    2.50 │    0.50 │ 8.1230e-03 │ 2.3000e-13 │ 1.1500e-13 │ 7.6376e-13 │
├─────────┼─────────┼────────────┼────────────┼────────────┼────────────┤
│    2.50 │    1.00 │ 1.3445e-02 │ 2.3000e-13 │ 1.1500e-13 │ 6.4169e-13 │
├─────────┼─────────┼────────────┼────────────┼────────────┼────────────┤
│    2.50 │    1.50 │ 1.5966e-02 │ 2.3000e-13 │ 1.1500e-13 │ 5.6408e-13 │
├─────────┼─────────┼────────────┼────────────┼────────────┼────────────┤
│    2.50 │    2.00 │ 1.6838e-02 │ 1.1500e-13 │ 0.0000e+00 │ 5.0918e-13 │
├─────────┼─────────┼────────────┼────────────┼────────────┼────────────┤
│    2.50 │    2.50 │ 1.7000e-02 │ 1.1500e-13 │ 0.0000e+00 │ 4.6771e-13 │
├─────────┼─────────┼────────────┼────────────┼────────────┼────────────┤
│    2.50 │    3.00 │ 1.7161e-02 │ 1.1500e-13 │ 0.0000e+00 │ 4.3496e-13 │
├─────────┼─────────┼────────────┼────────────┼────────────┼────────────┤
│    3.00 │    0.00 │ 0.0000e+00 │ 2.3000e-13 │ 1.1500e-13 │ 1.0000e-12 │
├─────────┼─────────┼────────────┼────────────┼────────────┼────────────┤
│    3.00 │    0.50 │ 1.0924e-02 │ 2.3000e-13 │ 1.1500e-13 │ 7.6376e-13 │
├─────────┼─────────┼────────────┼────────────┼────────────┼────────────┤
│    3.00 │    1.00 │ 1.9047e-02 │ 2.3000e-13 │ 1.1500e-13 │ 6.4169e-13 │
├─────────┼─────────┼────────────┼────────────┼────────────┼────────────┤
│    3.00 │    1.50 │ 2.4369e-02 │ 2.3000e-13 │ 1.1500e-13 │ 5.6408e-13 │
├─────────┼─────────┼────────────┼────────────┼────────────┼────────────┤
│    3.00 │    2.00 │ 2.6890e-02 │ 2.3000e-13 │ 1.1500e-13 │ 5.0918e-13 │
├─────────┼─────────┼────────────┼────────────┼────────────┼────────────┤
│    3.00 │    2.50 │ 2.8470e-02 │ 1.1500e-13 │ 0.0000e+00 │ 4.6771e-13 │
├─────────┼─────────┼────────────┼────────────┼────────────┼────────────┤
│    3.00 │    3.00 │ 2.8741e-02 │ 1.1500e-13 │ 0.0000e+00 │ 4.3496e-13 │
└─────────┴─────────┴────────────┴────────────┴────────────┴────────────┘
