====================================================================================================
# Log generated on 2025-05-21 19:03:06.217468
====================================================================================================
Quantity                 Value          Unit      Description                             
====================================================================================================
Vth0                     1              V         Threshold voltage at 300 K                                  
----------------------------------------------------------------------------------------------------
kT                       0.002          V/K       Vth temperature coefficient                                 
----------------------------------------------------------------------------------------------------
mu0                      0.05           m^2/Vs    Low-field mobility at 300 K                                 
----------------------------------------------------------------------------------------------------
mu_exp                   1.5            1         Mobility temperature exponent                               
----------------------------------------------------------------------------------------------------
Cox                      0.00345        F/m^2     Gate oxide capacitance per unit area                        
----------------------------------------------------------------------------------------------------
W                        0.0001         m         MOSFET channel width                                        
----------------------------------------------------------------------------------------------------
L                        1e-06          m         MOSFET channel length                                       
----------------------------------------------------------------------------------------------------
lambda                   0.02           1/V       Channel-length modulation                                   
----------------------------------------------------------------------------------------------------
Cj0                      1e-12          F         Zero-bias junction capacitance                              
----------------------------------------------------------------------------------------------------
Vbi                      0.7            V         Built-in junction potential                                 
----------------------------------------------------------------------------------------------------
q                        1.6e-19        C         Elementary charge                                           
----------------------------------------------------------------------------------------------------
k                        1.38e-23       J/K       Boltzmann constant                                          
----------------------------------------------------------------------------------------------------
eps_sic                  9.7e-11        F/m       Permittivity of SiC                                         
----------------------------------------------------------------------------------------------------
eps_ox                   3.45e-11       F/m       Permittivity of SiO2                                        
----------------------------------------------------------------------------------------------------
tox                      5e-09          m         Oxide thickness                                             
----------------------------------------------------------------------------------------------------
ni                       1.5e+08        1/cm^3    Intrinsic carrier concentration                             
----------------------------------------------------------------------------------------------------
PPW                      1e+17          1/cm^3    P-well doping                                               
----------------------------------------------------------------------------------------------------
NJFET                    1e+22          1/m^3     JFET region doping                                          
----------------------------------------------------------------------------------------------------
Nsurf                    1e+17          1/cm^3    Surface doping                                              
----------------------------------------------------------------------------------------------------
XJPW                     1e-07          m         P-well junction depth                                       
----------------------------------------------------------------------------------------------------
dpw                      1e-06          m         P-well separation                                           
----------------------------------------------------------------------------------------------------
mu                       0.01           m^2/Vs    Carrier mobility                                            
----------------------------------------------------------------------------------------------------
H_by_eff                 1e-07          m         Effective channel height                                    
----------------------------------------------------------------------------------------------------
VFB                      -1             V         Flatband voltage                                            
----------------------------------------------------------------------------------------------------
Vsurf                    2              V         Surface potential transition                                
----------------------------------------------------------------------------------------------------
mjsurf                   0.5            1         Surface junction grading coefficient                        
----------------------------------------------------------------------------------------------------
mj                       0.5            1         Bulk junction grading coefficient                           
----------------------------------------------------------------------------------------------------
Vj                       0.7            V         Junction built-in potential                                 
----------------------------------------------------------------------------------------------------
m                        0.5            1         CDS junction grading coefficient                            
----------------------------------------------------------------------------------------------------
C_overlap                1e-12          F         Overlap capacitance                                         
----------------------------------------------------------------------------------------------------
Cj                       1e-12          F         Junction capacitance                                        
----------------------------------------------------------------------------------------------------
Vj0                      0.7            V         Zero-bias junction potential                                
----------------------------------------------------------------------------------------------------
Vjsw                     0.7            V         Sidewall junction potential                                 
----------------------------------------------------------------------------------------------------
Cjsw                     1e-12          F         Sidewall junction capacitance                               
----------------------------------------------------------------------------------------------------
Cjswg                    1e-12          F         Gate-sidewall junction capacitance                          
----------------------------------------------------------------------------------------------------
Cjsw0                    1e-12          F         Zero-bias sidewall junction capacitance                     
----------------------------------------------------------------------------------------------------
Vjsw0                    0.7            V         Zero-bias sidewall junction potential                       
----------------------------------------------------------------------------------------------------
Vjsw1                    0.7            V         Sidewall junction potential                                 
----------------------------------------------------------------------------------------------------
Cjsw1                    1e-12          F         Sidewall junction capacitance                               
----------------------------------------------------------------------------------------------------
Cjswg1                   1e-12          F         Gate-sidewall junction capacitance                          
----------------------------------------------------------------------------------------------------
Cjsw01                   1e-12          F         Zero-bias sidewall junction capacitance                     
----------------------------------------------------------------------------------------------------
C_ox                     0.02           F/m²                                                                 
----------------------------------------------------------------------------------------------------
lambda_                  0.7            V                                                                     
----------------------------------------------------------------------------------------------------
theta                    0.7            V                                                                     
----------------------------------------------------------------------------------------------------
Vth                      0.7            V                                                                     
----------------------------------------------------------------------------------------------------
alpha                    5e-09          m                                                                     
====================================================================================================
