                                                   MOSFET Parameters                                                    
┏━━━━━━━━━━┳━━━━━━━━━━━━┳━━━━━━━━━━━━━━━━━━━━━━━━━┳━━━━━━━━━━━━━━━┳━━━━━━━━━━━━━━━━━━━━━━━━━━┳━━━━━━━━━━━━━━━━━━━━━━━━━┓
┃ Quantity ┃ Value      ┃ Equation                ┃ Unit          ┃ Description              ┃ Source                  ┃
┡━━━━━━━━━━╇━━━━━━━━━━━━╇━━━━━━━━━━━━━━━━━━━━━━━━━╇━━━━━━━━━━━━━━━╇━━━━━━━━━━━━━━━━━━━━━━━━━━╇━━━━━━━━━━━━━━━━━━━━━━━━━┩
│ Vth0     │ 1.0000     │ Threshold voltage at    │ V             │ Threshold voltage of the │ Device datasheet or     │
│          │            │ 300K                    │               │ MOSFET at 300 K          │ experimental extraction │
├──────────┼────────────┼─────────────────────────┼───────────────┼──────────────────────────┼─────────────────────────┤
│ kT       │ 0.0020     │ Vth temperature         │ V/K           │ Coefficient for          │ Device datasheet or     │
│          │            │ coefficient             │               │ threshold voltage        │ model parameter         │
│          │            │                         │               │ temperature dependence   │                         │
├──────────┼────────────┼─────────────────────────┼───────────────┼──────────────────────────┼─────────────────────────┤
│ mu0      │ 0.0500     │ Effective mobility at   │ m^2/V·s       │ Carrier mobility in      │ Model parameter from    │
│          │            │ 300K                    │               │ channel at 300 K         │ literature or datasheet │
├──────────┼────────────┼─────────────────────────┼───────────────┼──────────────────────────┼─────────────────────────┤
│ mu_exp   │ 1.5000     │ Mobility degradation    │ dimensionless │ Exponent modeling        │ Fitted parameter from   │
│          │            │ exponent                │               │ mobility dependence on   │ experiments             │
│          │            │                         │               │ temperature              │                         │
├──────────┼────────────┼─────────────────────────┼───────────────┼──────────────────────────┼─────────────────────────┤
│ Cox      │ 0.0034     │ eps_ox / t_ox           │ F/m^2         │ Capacitance of gate      │ Calculated from oxide   │
│          │            │                         │               │ oxide per unit area      │ thickness and           │
│          │            │                         │               │                          │ permittivity            │
├──────────┼────────────┼─────────────────────────┼───────────────┼──────────────────────────┼─────────────────────────┤
│ W        │ 1.0000e-04 │ Transistor width        │ m             │ Channel width of the     │ Design layout parameter │
│          │            │                         │               │ MOSFET                   │                         │
├──────────┼────────────┼─────────────────────────┼───────────────┼──────────────────────────┼─────────────────────────┤
│ L        │ 1.0000e-06 │ Channel length          │ m             │ Channel length of the    │ Design layout parameter │
│          │            │                         │               │ MOSFET                   │                         │
├──────────┼────────────┼─────────────────────────┼───────────────┼──────────────────────────┼─────────────────────────┤
│ lambda   │ 0.0200     │ Channel length          │ 1/V           │ Coefficient modeling     │ Extracted from device   │
│          │            │ modulation              │               │ channel length           │ characteristics         │
│          │            │                         │               │ modulation effect        │                         │
├──────────┼────────────┼─────────────────────────┼───────────────┼──────────────────────────┼─────────────────────────┤
│ Cj0      │ 1.0000e-12 │ Zero-bias junction      │ F             │ Capacitance of           │ Device datasheet or     │
│          │            │ capacitance             │               │ reverse-biased junction  │ junction modeling       │
│          │            │                         │               │ at zero bias             │                         │
├──────────┼────────────┼─────────────────────────┼───────────────┼──────────────────────────┼─────────────────────────┤
│ Vbi      │ 0.7000     │ Built-in potential      │ V             │ Built-in voltage of the  │ Physical constant or    │
│          │            │                         │               │ PN junction              │ device parameter        │
├──────────┼────────────┼─────────────────────────┼───────────────┼──────────────────────────┼─────────────────────────┤
│ m        │ 0.5000     │ Grading coefficient     │ dimensionless │ Exponent describing      │ Device physics or       │
│          │            │                         │               │ junction capacitance     │ datasheet               │
│          │            │                         │               │ voltage dependence       │                         │
└──────────┴────────────┴─────────────────────────┴───────────────┴──────────────────────────┴─────────────────────────┘
